<?xml version="1.0" encoding="UTF-8" standalone="no"?>
<testsuite failures="0" name="cucumber.runtime.formatter.JUnitFormatter" skipped="0" tests="1" time="11.46754">
    <testcase classname="Free CRM Application Test" name="Validate Free CRM Home page Test" time="11.46754">
        <system-out><![CDATA[Given user opens browser....................................................passed
Then user is on login page..................................................passed
Then user login in app......................................................passed
Then Validate homepage title................................................passed
Then Validate logged in user................................................passed
]]></system-out>
    </testcase>
</testsuite>
